# JRE version: OpenJDK Runtime Environment (21.0+35) (build 21+35-2513)
# Java VM: OpenJDK 64-Bit Server VM (21+35-2513, mixed mode, sharing, tiered, compressed oops, compressed class ptrs, g1 gc, linux-amd64)
GC Precious Log:
 CardTable entry size: 512
 Card Set container configuration: InlinePtr #cards 5 size 8 Array Of Cards #cards 12 size 40 Howl #buckets 4 coarsen threshold 1843 Howl Bitmap #cards 512 size 80 coarsen threshold 460 Card regions per heap region 1 cards per card region 2048
 CPUs: 4 total, 4 available
 Memory: 7824M
 Large Page Support: Disabled
 NUMA Support: Disabled
 Compressed Oops: Enabled (32-bit)
 Heap Region Size: 1M
 Heap Min Capacity: 8M
 Heap Initial Capacity: 124M
 Heap Max Capacity: 1958M
 Pre-touch: Disabled
 Parallel Workers: 4
 Concurrent Workers: 1
 Concurrent Refinement Workers: 4
 Periodic GC: Disabled
Heap:
 garbage-first heap   total 129024K, used 20208K [0x0000000085a00000, 0x0000000100000000)
  region size 1024K, 11 young (11264K), 4 survivors (4096K)
 Metaspace       used 10887K, committed 11136K, reserved 1114112K
  class space    used 1028K, committed 1152K, reserved 1048576K
GC Heap History (6 events):
Event: 1,942 GC heap before
{Heap before GC invocations=0 (full 0):
 garbage-first heap   total 129024K, used 14365K [0x0000000085a00000, 0x0000000100000000)
  region size 1024K, 13 young (13312K), 0 survivors (0K)
 Metaspace       used 4087K, committed 4288K, reserved 1114112K
  class space    used 451K, committed 576K, reserved 1048576K
}
Event: 2,006 GC heap after
{Heap after GC invocations=1 (full 0):
 garbage-first heap   total 129024K, used 4537K [0x0000000085a00000, 0x0000000100000000)
  region size 1024K, 2 young (2048K), 2 survivors (2048K)
 Metaspace       used 4087K, committed 4288K, reserved 1114112K
  class space    used 451K, committed 576K, reserved 1048576K
}
Event: 3,274 GC heap before
{Heap before GC invocations=1 (full 0):
 garbage-first heap   total 129024K, used 16825K [0x0000000085a00000, 0x0000000100000000)
  region size 1024K, 14 young (14336K), 2 survivors (2048K)
 Metaspace       used 8439K, committed 8640K, reserved 1114112K
  class space    used 908K, committed 1024K, reserved 1048576K
}
Event: 3,283 GC heap after
{Heap after GC invocations=2 (full 0):
 garbage-first heap   total 129024K, used 6390K [0x0000000085a00000, 0x0000000100000000)
  region size 1024K, 2 young (2048K), 2 survivors (2048K)
 Metaspace       used 8439K, committed 8640K, reserved 1114112K
  class space    used 908K, committed 1024K, reserved 1048576K
}
Event: 4,835 GC heap before
{Heap before GC invocations=2 (full 0):
 garbage-first heap   total 129024K, used 36086K [0x0000000085a00000, 0x0000000100000000)
  region size 1024K, 31 young (31744K), 2 survivors (2048K)
 Metaspace       used 9606K, committed 9856K, reserved 1114112K
  class space    used 981K, committed 1088K, reserved 1048576K
}
Event: 4,875 GC heap after
{Heap after GC invocations=3 (full 0):
 garbage-first heap   total 129024K, used 14064K [0x0000000085a00000, 0x0000000100000000)
  region size 1024K, 4 young (4096K), 4 survivors (4096K)
 Metaspace       used 9606K, committed 9856K, reserved 1114112K
  class space    used 981K, committed 1088K, reserved 1048576K
}

