# JRE version: OpenJDK Runtime Environment (21.0+35) (build 21+35-2513)
# Java VM: OpenJDK 64-Bit Server VM (21+35-2513, mixed mode, sharing, tiered, compressed oops, compressed class ptrs, g1 gc, linux-amd64)
GC Precious Log:
 CardTable entry size: 512
 Card Set container configuration: InlinePtr #cards 5 size 8 Array Of Cards #cards 12 size 40 Howl #buckets 4 coarsen threshold 1843 Howl Bitmap #cards 512 size 80 coarsen threshold 460 Card regions per heap region 1 cards per card region 2048
 CPUs: 4 total, 4 available
 Memory: 7824M
 Large Page Support: Disabled
 NUMA Support: Disabled
 Compressed Oops: Enabled (32-bit)
 Heap Region Size: 1M
 Heap Min Capacity: 8M
 Heap Initial Capacity: 124M
 Heap Max Capacity: 1958M
 Pre-touch: Disabled
 Parallel Workers: 4
 Concurrent Workers: 1
 Concurrent Refinement Workers: 4
 Periodic GC: Disabled
Heap:
 garbage-first heap   total 129024K, used 15909K [0x0000000085a00000, 0x0000000100000000)
  region size 1024K, 6 young (6144K), 4 survivors (4096K)
 Metaspace       used 10526K, committed 10816K, reserved 1114112K
  class space    used 992K, committed 1152K, reserved 1048576K
GC Heap History (6 events):
Event: 1,421 GC heap before
{Heap before GC invocations=0 (full 0):
 garbage-first heap   total 129024K, used 14365K [0x0000000085a00000, 0x0000000100000000)
  region size 1024K, 13 young (13312K), 0 survivors (0K)
 Metaspace       used 4526K, committed 4672K, reserved 1114112K
  class space    used 561K, committed 640K, reserved 1048576K
}
Event: 1,445 GC heap after
{Heap after GC invocations=1 (full 0):
 garbage-first heap   total 129024K, used 3458K [0x0000000085a00000, 0x0000000100000000)
  region size 1024K, 2 young (2048K), 2 survivors (2048K)
 Metaspace       used 4526K, committed 4672K, reserved 1114112K
  class space    used 561K, committed 640K, reserved 1048576K
}
Event: 2,498 GC heap before
{Heap before GC invocations=1 (full 0):
 garbage-first heap   total 129024K, used 21890K [0x0000000085a00000, 0x0000000100000000)
  region size 1024K, 21 young (21504K), 2 survivors (2048K)
 Metaspace       used 8900K, committed 9088K, reserved 1114112K
  class space    used 905K, committed 960K, reserved 1048576K
}
Event: 2,528 GC heap after
{Heap after GC invocations=2 (full 0):
 garbage-first heap   total 129024K, used 7902K [0x0000000085a00000, 0x0000000100000000)
  region size 1024K, 3 young (3072K), 3 survivors (3072K)
 Metaspace       used 8900K, committed 9088K, reserved 1114112K
  class space    used 905K, committed 960K, reserved 1048576K
}
Event: 3,172 GC heap before
{Heap before GC invocations=2 (full 0):
 garbage-first heap   total 129024K, used 31454K [0x0000000085a00000, 0x0000000100000000)
  region size 1024K, 26 young (26624K), 3 survivors (3072K)
 Metaspace       used 10220K, committed 10496K, reserved 1114112K
  class space    used 938K, committed 1024K, reserved 1048576K
}
Event: 3,232 GC heap after
{Heap after GC invocations=3 (full 0):
 garbage-first heap   total 129024K, used 14885K [0x0000000085a00000, 0x0000000100000000)
  region size 1024K, 4 young (4096K), 4 survivors (4096K)
 Metaspace       used 10220K, committed 10496K, reserved 1114112K
  class space    used 938K, committed 1024K, reserved 1048576K
}

