# JRE version: OpenJDK Runtime Environment (21.0+35) (build 21+35-2513)
# Java VM: OpenJDK 64-Bit Server VM (21+35-2513, mixed mode, sharing, tiered, compressed oops, compressed class ptrs, g1 gc, linux-amd64)
GC Precious Log:
 CardTable entry size: 512
 Card Set container configuration: InlinePtr #cards 5 size 8 Array Of Cards #cards 12 size 40 Howl #buckets 4 coarsen threshold 1843 Howl Bitmap #cards 512 size 80 coarsen threshold 460 Card regions per heap region 1 cards per card region 2048
 CPUs: 4 total, 4 available
 Memory: 7824M
 Large Page Support: Disabled
 NUMA Support: Disabled
 Compressed Oops: Enabled (32-bit)
 Heap Region Size: 1M
 Heap Min Capacity: 8M
 Heap Initial Capacity: 124M
 Heap Max Capacity: 1958M
 Pre-touch: Disabled
 Parallel Workers: 4
 Concurrent Workers: 1
 Concurrent Refinement Workers: 4
 Periodic GC: Disabled
Heap:
 garbage-first heap   total 129024K, used 20112K [0x0000000085a00000, 0x0000000100000000)
  region size 1024K, 11 young (11264K), 4 survivors (4096K)
 Metaspace       used 10818K, committed 11072K, reserved 1114112K
  class space    used 1032K, committed 1152K, reserved 1048576K
GC Heap History (6 events):
Event: 1,504 GC heap before
{Heap before GC invocations=0 (full 0):
 garbage-first heap   total 129024K, used 14365K [0x0000000085a00000, 0x0000000100000000)
  region size 1024K, 13 young (13312K), 0 survivors (0K)
 Metaspace       used 4089K, committed 4288K, reserved 1114112K
  class space    used 453K, committed 576K, reserved 1048576K
}
Event: 1,572 GC heap after
{Heap after GC invocations=1 (full 0):
 garbage-first heap   total 129024K, used 4650K [0x0000000085a00000, 0x0000000100000000)
  region size 1024K, 2 young (2048K), 2 survivors (2048K)
 Metaspace       used 4089K, committed 4288K, reserved 1114112K
  class space    used 453K, committed 576K, reserved 1048576K
}
Event: 2,672 GC heap before
{Heap before GC invocations=1 (full 0):
 garbage-first heap   total 129024K, used 16938K [0x0000000085a00000, 0x0000000100000000)
  region size 1024K, 15 young (15360K), 2 survivors (2048K)
 Metaspace       used 8530K, committed 8704K, reserved 1114112K
  class space    used 930K, committed 1024K, reserved 1048576K
}
Event: 2,712 GC heap after
{Heap after GC invocations=2 (full 0):
 garbage-first heap   total 129024K, used 6337K [0x0000000085a00000, 0x0000000100000000)
  region size 1024K, 2 young (2048K), 2 survivors (2048K)
 Metaspace       used 8530K, committed 8704K, reserved 1114112K
  class space    used 930K, committed 1024K, reserved 1048576K
}
Event: 4,463 GC heap before
{Heap before GC invocations=2 (full 0):
 garbage-first heap   total 129024K, used 33985K [0x0000000085a00000, 0x0000000100000000)
  region size 1024K, 30 young (30720K), 2 survivors (2048K)
 Metaspace       used 9530K, committed 9728K, reserved 1114112K
  class space    used 981K, committed 1088K, reserved 1048576K
}
Event: 4,521 GC heap after
{Heap after GC invocations=3 (full 0):
 garbage-first heap   total 129024K, used 13968K [0x0000000085a00000, 0x0000000100000000)
  region size 1024K, 4 young (4096K), 4 survivors (4096K)
 Metaspace       used 9530K, committed 9728K, reserved 1114112K
  class space    used 981K, committed 1088K, reserved 1048576K
}

