# JRE version: OpenJDK Runtime Environment (21.0+35) (build 21+35-2513)
# Java VM: OpenJDK 64-Bit Server VM (21+35-2513, mixed mode, sharing, tiered, compressed oops, compressed class ptrs, g1 gc, linux-amd64)
GC Precious Log:
 CardTable entry size: 512
 Card Set container configuration: InlinePtr #cards 5 size 8 Array Of Cards #cards 12 size 40 Howl #buckets 4 coarsen threshold 1843 Howl Bitmap #cards 512 size 80 coarsen threshold 460 Card regions per heap region 1 cards per card region 2048
 CPUs: 4 total, 4 available
 Memory: 7824M
 Large Page Support: Disabled
 NUMA Support: Disabled
 Compressed Oops: Enabled (32-bit)
 Heap Region Size: 1M
 Heap Min Capacity: 8M
 Heap Initial Capacity: 124M
 Heap Max Capacity: 1958M
 Pre-touch: Disabled
 Parallel Workers: 4
 Concurrent Workers: 1
 Concurrent Refinement Workers: 4
 Periodic GC: Disabled
Heap:
 garbage-first heap   total 129024K, used 21830K [0x0000000085a00000, 0x0000000100000000)
  region size 1024K, 14 young (14336K), 4 survivors (4096K)
 Metaspace       used 10895K, committed 11200K, reserved 1114112K
  class space    used 1030K, committed 1152K, reserved 1048576K
GC Heap History (6 events):
Event: 1,425 GC heap before
{Heap before GC invocations=0 (full 0):
 garbage-first heap   total 129024K, used 14365K [0x0000000085a00000, 0x0000000100000000)
  region size 1024K, 13 young (13312K), 0 survivors (0K)
 Metaspace       used 4060K, committed 4224K, reserved 1114112K
  class space    used 469K, committed 512K, reserved 1048576K
}
Event: 1,458 GC heap after
{Heap after GC invocations=1 (full 0):
 garbage-first heap   total 129024K, used 4253K [0x0000000085a00000, 0x0000000100000000)
  region size 1024K, 2 young (2048K), 2 survivors (2048K)
 Metaspace       used 4060K, committed 4224K, reserved 1114112K
  class space    used 469K, committed 512K, reserved 1048576K
}
Event: 2,607 GC heap before
{Heap before GC invocations=1 (full 0):
 garbage-first heap   total 129024K, used 20637K [0x0000000085a00000, 0x0000000100000000)
  region size 1024K, 18 young (18432K), 2 survivors (2048K)
 Metaspace       used 9218K, committed 9408K, reserved 1114112K
  class space    used 978K, committed 1088K, reserved 1048576K
}
Event: 2,639 GC heap after
{Heap after GC invocations=2 (full 0):
 garbage-first heap   total 129024K, used 7037K [0x0000000085a00000, 0x0000000100000000)
  region size 1024K, 3 young (3072K), 3 survivors (3072K)
 Metaspace       used 9218K, committed 9408K, reserved 1114112K
  class space    used 978K, committed 1088K, reserved 1048576K
}
Event: 3,321 GC heap before
{Heap before GC invocations=2 (full 0):
 garbage-first heap   total 129024K, used 29565K [0x0000000085a00000, 0x0000000100000000)
  region size 1024K, 25 young (25600K), 3 survivors (3072K)
 Metaspace       used 9611K, committed 9792K, reserved 1114112K
  class space    used 981K, committed 1088K, reserved 1048576K
}
Event: 3,342 GC heap after
{Heap after GC invocations=3 (full 0):
 garbage-first heap   total 129024K, used 13638K [0x0000000085a00000, 0x0000000100000000)
  region size 1024K, 4 young (4096K), 4 survivors (4096K)
 Metaspace       used 9611K, committed 9792K, reserved 1114112K
  class space    used 981K, committed 1088K, reserved 1048576K
}

